<?xml version="1.0" encoding="UTF-8"?>
<testsuite xmlns:xsi="http://www.w3.org/2001/XMLSchema-instance" xsi:noNamespaceSchemaLocation="https://maven.apache.org/surefire/maven-surefire-plugin/xsd/surefire-test-report-3.0.xsd" version="3.0" name="TestSuite" time="19.075" tests="6" errors="0" skipped="0" failures="0">
  <properties>
    <property name="java.specification.version" value="16"/>
    <property name="sun.jnu.encoding" value="UTF-8"/>
    <property name="java.class.path" value="/Users/rajeskumar/Documents/NoonWorkspace/TrelloRestAutomation/target/test-classes:/Users/rajeskumar/Documents/NoonWorkspace/TrelloRestAutomation/target/classes:/Users/rajeskumar/.m2/repository/io/rest-assured/rest-assured/4.4.0/rest-assured-4.4.0.jar:/Users/rajeskumar/.m2/repository/org/codehaus/groovy/groovy/3.0.8/groovy-3.0.8.jar:/Users/rajeskumar/.m2/repository/org/codehaus/groovy/groovy-xml/3.0.8/groovy-xml-3.0.8.jar:/Users/rajeskumar/.m2/repository/org/apache/httpcomponents/httpclient/4.5.13/httpclient-4.5.13.jar:/Users/rajeskumar/.m2/repository/org/apache/httpcomponents/httpcore/4.4.13/httpcore-4.4.13.jar:/Users/rajeskumar/.m2/repository/commons-logging/commons-logging/1.2/commons-logging-1.2.jar:/Users/rajeskumar/.m2/repository/commons-codec/commons-codec/1.11/commons-codec-1.11.jar:/Users/rajeskumar/.m2/repository/org/apache/httpcomponents/httpmime/4.5.13/httpmime-4.5.13.jar:/Users/rajeskumar/.m2/repository/org/hamcrest/hamcrest/2.1/hamcrest-2.1.jar:/Users/rajeskumar/.m2/repository/org/ccil/cowan/tagsoup/tagsoup/1.2.1/tagsoup-1.2.1.jar:/Users/rajeskumar/.m2/repository/io/rest-assured/json-path/4.4.0/json-path-4.4.0.jar:/Users/rajeskumar/.m2/repository/org/codehaus/groovy/groovy-json/3.0.8/groovy-json-3.0.8.jar:/Users/rajeskumar/.m2/repository/io/rest-assured/rest-assured-common/4.4.0/rest-assured-common-4.4.0.jar:/Users/rajeskumar/.m2/repository/io/rest-assured/xml-path/4.4.0/xml-path-4.4.0.jar:/Users/rajeskumar/.m2/repository/org/apache/commons/commons-lang3/3.11/commons-lang3-3.11.jar:/Users/rajeskumar/.m2/repository/jakarta/xml/bind/jakarta.xml.bind-api/2.3.3/jakarta.xml.bind-api-2.3.3.jar:/Users/rajeskumar/.m2/repository/jakarta/activation/jakarta.activation-api/1.2.2/jakarta.activation-api-1.2.2.jar:/Users/rajeskumar/.m2/repository/com/sun/xml/bind/jaxb-impl/2.3.3/jaxb-impl-2.3.3.jar:/Users/rajeskumar/.m2/repository/org/testng/testng/7.4.0/testng-7.4.0.jar:/Users/rajeskumar/.m2/repository/com/beust/jcommander/1.78/jcommander-1.78.jar:/Users/rajeskumar/.m2/repository/org/webjars/jquery/3.5.1/jquery-3.5.1.jar:/Users/rajeskumar/.m2/repository/io/qameta/allure/allure-testng/2.14.0/allure-testng-2.14.0.jar:/Users/rajeskumar/.m2/repository/io/qameta/allure/allure-java-commons/2.14.0/allure-java-commons-2.14.0.jar:/Users/rajeskumar/.m2/repository/io/qameta/allure/allure-model/2.14.0/allure-model-2.14.0.jar:/Users/rajeskumar/.m2/repository/com/fasterxml/jackson/core/jackson-databind/2.12.3/jackson-databind-2.12.3.jar:/Users/rajeskumar/.m2/repository/com/fasterxml/jackson/core/jackson-annotations/2.12.3/jackson-annotations-2.12.3.jar:/Users/rajeskumar/.m2/repository/com/fasterxml/jackson/core/jackson-core/2.12.3/jackson-core-2.12.3.jar:/Users/rajeskumar/.m2/repository/org/apache/tika/tika-core/1.26/tika-core-1.26.jar:/Users/rajeskumar/.m2/repository/javax/xml/bind/jaxb-api/2.3.1/jaxb-api-2.3.1.jar:/Users/rajeskumar/.m2/repository/javax/activation/javax.activation-api/1.2.0/javax.activation-api-1.2.0.jar:/Users/rajeskumar/.m2/repository/javax/activation/activation/1.1.1/activation-1.1.1.jar:/Users/rajeskumar/.m2/repository/org/jooq/joor-java-8/0.9.14/joor-java-8-0.9.14.jar:/Users/rajeskumar/.m2/repository/io/qameta/allure/allure-test-filter/2.14.0/allure-test-filter-2.14.0.jar:/Users/rajeskumar/.m2/repository/org/slf4j/slf4j-jdk14/1.7.25/slf4j-jdk14-1.7.25.jar:/Users/rajeskumar/.m2/repository/org/slf4j/slf4j-api/1.7.25/slf4j-api-1.7.25.jar:/Users/rajeskumar/.m2/repository/io/qameta/allure/allure-rest-assured/2.14.0/allure-rest-assured-2.14.0.jar:/Users/rajeskumar/.m2/repository/io/qameta/allure/allure-attachments/2.14.0/allure-attachments-2.14.0.jar:/Users/rajeskumar/.m2/repository/org/freemarker/freemarker/2.3.31/freemarker-2.3.31.jar:"/>
    <property name="java.vm.vendor" value="Homebrew"/>
    <property name="sun.arch.data.model" value="64"/>
    <property name="java.vendor.url" value="https://github.com/Homebrew/homebrew-core/issues"/>
    <property name="user.timezone" value="Asia/Kolkata"/>
    <property name="os.name" value="Mac OS X"/>
    <property name="java.vm.specification.version" value="16"/>
    <property name="sun.java.launcher" value="SUN_STANDARD"/>
    <property name="user.country" value="IN"/>
    <property name="sun.boot.library.path" value="/usr/local/Cellar/openjdk/16.0.1/libexec/openjdk.jdk/Contents/Home/lib"/>
    <property name="sun.java.command" value="/Users/rajeskumar/Documents/NoonWorkspace/TrelloRestAutomation/target/surefire/surefirebooter6864661881851316162.jar /Users/rajeskumar/Documents/NoonWorkspace/TrelloRestAutomation/target/surefire 2021-06-16T00-27-57_239-jvmRun1 surefire17661478732747506379tmp surefire_05092493085571696494tmp"/>
    <property name="jdk.debug" value="release"/>
    <property name="surefire.test.class.path" value="/Users/rajeskumar/Documents/NoonWorkspace/TrelloRestAutomation/target/test-classes:/Users/rajeskumar/Documents/NoonWorkspace/TrelloRestAutomation/target/classes:/Users/rajeskumar/.m2/repository/io/rest-assured/rest-assured/4.4.0/rest-assured-4.4.0.jar:/Users/rajeskumar/.m2/repository/org/codehaus/groovy/groovy/3.0.8/groovy-3.0.8.jar:/Users/rajeskumar/.m2/repository/org/codehaus/groovy/groovy-xml/3.0.8/groovy-xml-3.0.8.jar:/Users/rajeskumar/.m2/repository/org/apache/httpcomponents/httpclient/4.5.13/httpclient-4.5.13.jar:/Users/rajeskumar/.m2/repository/org/apache/httpcomponents/httpcore/4.4.13/httpcore-4.4.13.jar:/Users/rajeskumar/.m2/repository/commons-logging/commons-logging/1.2/commons-logging-1.2.jar:/Users/rajeskumar/.m2/repository/commons-codec/commons-codec/1.11/commons-codec-1.11.jar:/Users/rajeskumar/.m2/repository/org/apache/httpcomponents/httpmime/4.5.13/httpmime-4.5.13.jar:/Users/rajeskumar/.m2/repository/org/hamcrest/hamcrest/2.1/hamcrest-2.1.jar:/Users/rajeskumar/.m2/repository/org/ccil/cowan/tagsoup/tagsoup/1.2.1/tagsoup-1.2.1.jar:/Users/rajeskumar/.m2/repository/io/rest-assured/json-path/4.4.0/json-path-4.4.0.jar:/Users/rajeskumar/.m2/repository/org/codehaus/groovy/groovy-json/3.0.8/groovy-json-3.0.8.jar:/Users/rajeskumar/.m2/repository/io/rest-assured/rest-assured-common/4.4.0/rest-assured-common-4.4.0.jar:/Users/rajeskumar/.m2/repository/io/rest-assured/xml-path/4.4.0/xml-path-4.4.0.jar:/Users/rajeskumar/.m2/repository/org/apache/commons/commons-lang3/3.11/commons-lang3-3.11.jar:/Users/rajeskumar/.m2/repository/jakarta/xml/bind/jakarta.xml.bind-api/2.3.3/jakarta.xml.bind-api-2.3.3.jar:/Users/rajeskumar/.m2/repository/jakarta/activation/jakarta.activation-api/1.2.2/jakarta.activation-api-1.2.2.jar:/Users/rajeskumar/.m2/repository/com/sun/xml/bind/jaxb-impl/2.3.3/jaxb-impl-2.3.3.jar:/Users/rajeskumar/.m2/repository/org/testng/testng/7.4.0/testng-7.4.0.jar:/Users/rajeskumar/.m2/repository/com/beust/jcommander/1.78/jcommander-1.78.jar:/Users/rajeskumar/.m2/repository/org/webjars/jquery/3.5.1/jquery-3.5.1.jar:/Users/rajeskumar/.m2/repository/io/qameta/allure/allure-testng/2.14.0/allure-testng-2.14.0.jar:/Users/rajeskumar/.m2/repository/io/qameta/allure/allure-java-commons/2.14.0/allure-java-commons-2.14.0.jar:/Users/rajeskumar/.m2/repository/io/qameta/allure/allure-model/2.14.0/allure-model-2.14.0.jar:/Users/rajeskumar/.m2/repository/com/fasterxml/jackson/core/jackson-databind/2.12.3/jackson-databind-2.12.3.jar:/Users/rajeskumar/.m2/repository/com/fasterxml/jackson/core/jackson-annotations/2.12.3/jackson-annotations-2.12.3.jar:/Users/rajeskumar/.m2/repository/com/fasterxml/jackson/core/jackson-core/2.12.3/jackson-core-2.12.3.jar:/Users/rajeskumar/.m2/repository/org/apache/tika/tika-core/1.26/tika-core-1.26.jar:/Users/rajeskumar/.m2/repository/javax/xml/bind/jaxb-api/2.3.1/jaxb-api-2.3.1.jar:/Users/rajeskumar/.m2/repository/javax/activation/javax.activation-api/1.2.0/javax.activation-api-1.2.0.jar:/Users/rajeskumar/.m2/repository/javax/activation/activation/1.1.1/activation-1.1.1.jar:/Users/rajeskumar/.m2/repository/org/jooq/joor-java-8/0.9.14/joor-java-8-0.9.14.jar:/Users/rajeskumar/.m2/repository/io/qameta/allure/allure-test-filter/2.14.0/allure-test-filter-2.14.0.jar:/Users/rajeskumar/.m2/repository/org/slf4j/slf4j-jdk14/1.7.25/slf4j-jdk14-1.7.25.jar:/Users/rajeskumar/.m2/repository/org/slf4j/slf4j-api/1.7.25/slf4j-api-1.7.25.jar:/Users/rajeskumar/.m2/repository/io/qameta/allure/allure-rest-assured/2.14.0/allure-rest-assured-2.14.0.jar:/Users/rajeskumar/.m2/repository/io/qameta/allure/allure-attachments/2.14.0/allure-attachments-2.14.0.jar:/Users/rajeskumar/.m2/repository/org/freemarker/freemarker/2.3.31/freemarker-2.3.31.jar:"/>
    <property name="sun.cpu.endian" value="little"/>
    <property name="user.home" value="/Users/rajeskumar"/>
    <property name="user.language" value="en"/>
    <property name="java.specification.vendor" value="Oracle Corporation"/>
    <property name="java.version.date" value="2021-04-20"/>
    <property name="java.home" value="/usr/local/Cellar/openjdk/16.0.1/libexec/openjdk.jdk/Contents/Home"/>
    <property name="file.separator" value="/"/>
    <property name="basedir" value="/Users/rajeskumar/Documents/NoonWorkspace/TrelloRestAutomation"/>
    <property name="java.vm.compressedOopsMode" value="Zero based"/>
    <property name="line.separator" value="&#10;"/>
    <property name="java.vm.specification.vendor" value="Oracle Corporation"/>
    <property name="java.specification.name" value="Java Platform API Specification"/>
    <property name="surefire.real.class.path" value="/Users/rajeskumar/Documents/NoonWorkspace/TrelloRestAutomation/target/surefire/surefirebooter6864661881851316162.jar"/>
    <property name="sun.management.compiler" value="HotSpot 64-Bit Tiered Compilers"/>
    <property name="java.runtime.version" value="16.0.1+0"/>
    <property name="user.name" value="rajeskumar"/>
    <property name="path.separator" value=":"/>
    <property name="os.version" value="11.3.1"/>
    <property name="java.runtime.name" value="OpenJDK Runtime Environment"/>
    <property name="file.encoding" value="US-ASCII"/>
    <property name="java.vm.name" value="OpenJDK 64-Bit Server VM"/>
    <property name="java.vendor.version" value="Homebrew"/>
    <property name="localRepository" value="/Users/rajeskumar/.m2/repository"/>
    <property name="java.vendor.url.bug" value="https://github.com/Homebrew/homebrew-core/issues"/>
    <property name="java.io.tmpdir" value="/var/folders/vg/6spg7pns0696fkj7_vfz221ndwv6sw/T/"/>
    <property name="java.version" value="16.0.1"/>
    <property name="user.dir" value="/Users/rajeskumar/Documents/NoonWorkspace/TrelloRestAutomation"/>
    <property name="os.arch" value="x86_64"/>
    <property name="java.vm.specification.name" value="Java Virtual Machine Specification"/>
    <property name="java.library.path" value="/Users/rajeskumar/Library/Java/Extensions:/Library/Java/Extensions:/Network/Library/Java/Extensions:/System/Library/Java/Extensions:/usr/lib/java:."/>
    <property name="java.vm.info" value="mixed mode, sharing"/>
    <property name="java.vendor" value="Homebrew"/>
    <property name="java.vm.version" value="16.0.1+0"/>
    <property name="sun.io.unicode.encoding" value="UnicodeBig"/>
    <property name="java.class.version" value="60.0"/>
  </properties>
  <testcase name="createBoardTest" classname="com.trello.tests.TrelloTests" time="3.901"/>
  <testcase name="createCardTest" classname="com.trello.tests.TrelloTests" time="2.762"/>
  <testcase name="createListToDo" classname="com.trello.tests.TrelloTests" time="2.18"/>
  <testcase name="deleteBoardTest" classname="com.trello.tests.TrelloTests" time="1.705"/>
  <testcase name="getBoardDetailsTest" classname="com.trello.tests.TrelloTests" time="2.148"/>
  <testcase name="moveCardTest" classname="com.trello.tests.TrelloTests" time="4.708"/>
</testsuite>