<?xml version="1.0" encoding="UTF-8"?>
<!-- Generated by org.testng.reporters.JUnitReportReporter -->
<testsuite hostname="IT-C02DR1Q7MD6P" failures="0" tests="6" name="com.trello.tests.TrelloTests" time="17.400" errors="0" timestamp="2021-06-16T00:28:17 IST" skipped="0">
  <testcase classname="com.trello.tests.TrelloTests" name="createBoardTest" time="3.899"/>
  <system-out/>
  <testcase classname="com.trello.tests.TrelloTests" name="deleteBoardTest" time="1.704"/>
  <system-out/>
  <testcase classname="com.trello.tests.TrelloTests" name="getBoardDetailsTest" time="2.147"/>
  <system-out/>
  <testcase classname="com.trello.tests.TrelloTests" name="createCardTest" time="2.761"/>
  <system-out/>
  <testcase classname="com.trello.tests.TrelloTests" name="createListToDo" time="2.181"/>
  <system-out/>
  <testcase classname="com.trello.tests.TrelloTests" name="moveCardTest" time="4.708"/>
  <system-out/>
</testsuite> <!-- com.trello.tests.TrelloTests -->
